<?xml version="1.0" encoding="UTF-8"?>
<testng-results skipped="0" failed="0" ignored="0" total="2" passed="2">
  <reporter-output>
  </reporter-output>
  <suite name="Default Suite" duration-ms="48" started-at="2022-03-23T14:23:10 IST" finished-at="2022-03-23T14:23:10 IST">
    <groups>
    </groups>
    <test name="Maven_Project" duration-ms="48" started-at="2022-03-23T14:23:10 IST" finished-at="2022-03-23T14:23:10 IST">
      <class name="TestNG.FirstTest">
        <test-method status="PASS" signature="beforeSuite()[pri:0, instance:TestNG.FirstTest@7085bdee]" name="beforeSuite" is-config="true" duration-ms="12" started-at="2022-03-23T14:23:10 IST" finished-at="2022-03-23T14:23:10 IST">
          <reporter-output>
          </reporter-output>
        </test-method> <!-- beforeSuite -->
        <test-method status="PASS" signature="addTest()[pri:0, instance:TestNG.FirstTest@7085bdee]" name="addTest" duration-ms="5" started-at="2022-03-23T14:23:10 IST" finished-at="2022-03-23T14:23:10 IST">
          <reporter-output>
          </reporter-output>
        </test-method> <!-- addTest -->
        <test-method status="PASS" signature="subTest()[pri:0, instance:TestNG.FirstTest@7085bdee]" name="subTest" duration-ms="0" started-at="2022-03-23T14:23:10 IST" finished-at="2022-03-23T14:23:10 IST">
          <reporter-output>
          </reporter-output>
        </test-method> <!-- subTest -->
        <test-method status="PASS" signature="afterSuite()[pri:0, instance:TestNG.FirstTest@7085bdee]" name="afterSuite" is-config="true" duration-ms="0" started-at="2022-03-23T14:23:11 IST" finished-at="2022-03-23T14:23:11 IST">
          <reporter-output>
          </reporter-output>
        </test-method> <!-- afterSuite -->
      </class> <!-- TestNG.FirstTest -->
    </test> <!-- Maven_Project -->
  </suite> <!-- Default Suite -->
</testng-results>
